<?xml version="1.0" encoding="UTF-8"?>
<!-- Generated by org.testng.reporters.JUnitXMLReporter -->
<testsuite hostname="PR020921" ignored="0" name="AdvancedSearchOnTest" tests="16" failures="1" timestamp="23 Nov 2017 11:16:45 GMT" time="404.444" errors="0">
  <testcase name="close_SpecificDate" time="34.079" classname="discovery.AdvancedSearchOnTest.AS_ClosureStatus_close_SpecificDate"/>
  <testcase name="Open_SpecificDate" time="34.604" classname="discovery.AdvancedSearchOnTest.AS_ClosureStatus_Open_SpecificDate"/>
  <testcase name="PartiallyOpen_AnyTime" time="29.939" classname="discovery.AdvancedSearchOnTest.AS_ClosureStatus_PartiallyOpen_AnyTime"/>
  <testcase name="Retained_AnyTime" time="30.418" classname="discovery.AdvancedSearchOnTest.AS_ClosureStatus_Retained_AnyTime"/>
  <testcase name="CreatorType_CheckBox_Years" time="31.76" classname="discovery.AdvancedSearchOnTest.AS_RecordCreator_CreatorType_CheckBox_Years"/>
  <testcase name="CreatorType_DateRange" time="24.817" classname="discovery.AdvancedSearchOnTest.AS_RecordCreator_CreatorType_DateRange"/>
  <testcase name="DateRange_SearchAll" time="20.284" classname="discovery.AdvancedSearchOnTest.AS_Records_DateRange_SearchAll"/>
  <testcase name="SearchTheNA_Taxonomy_Witchcraft" time="26.196" classname="discovery.AdvancedSearchOnTest.AS_Records_SearchTheNA_Taxonomy_Witchcraft">
    <failure type="java.lang.AssertionError" message="expected [Records 48] but found [Records 119]">
      <![CDATA[java.lang.AssertionError: expected [Records 48] but found [Records 119]
	at discovery.AdvancedSearchOnTest.AS_Records_SearchTheNA_Taxonomy_Witchcraft.SearchTheNA_Taxonomy_Witchcraft(AS_Records_SearchTheNA_Taxonomy_Witchcraft.java:73)
... Removed 31 stack frames]]>
    </failure>
  </testcase> <!-- SearchTheNA_Taxonomy_Witchcraft -->
  <testcase name="SpecificDate_SearchAll" time="34.074" classname="discovery.AdvancedSearchOnTest.AS_Records_SpecificDate_SearchAll"/>
  <testcase name="Reference_SearchAll" time="12.507" classname="discovery.AdvancedSearchOnTest.AS_Reference_SearchAll"/>
  <testcase name="Find_DontFindWord" time="13.846" classname="discovery.AdvancedSearchOnTest.AS_Search_Find_DontFindWord"/>
  <testcase name="SearchOtherArchives" time="19.301" classname="discovery.AdvancedSearchOnTest.AS_SearchOtherArchives"/>
  <testcase name="SearchTheTNA_Reference_IncludeContent" time="26.425" classname="discovery.AdvancedSearchOnTest.AS_Records_SearchTheTNA_Reference_IncludeContent"/>
  <testcase name="SearchTheNA_CatalogueLevel" time="31.022" classname="discovery.AdvancedSearchOnTest.AS_Records_SearchTheNA_CatalogueLevel"/>
  <testcase name="verifyLookUp" time="19.383" classname="discovery.AdvancedSearchOnTest.AS_AutoLookUp_ByGovernmentDepartment"/>
  <testcase name="verifyLookUp" time="15.768" classname="discovery.AdvancedSearchOnTest.AS_AutoLookUp_OtherArchives"/>
</testsuite> <!-- AdvancedSearchOnTest -->
